<?xml version="1.0" encoding="UTF-8"?>
<!-- Generated by org.testng.reporters.JUnitReportReporter -->
<testsuite hostname="LAPTOP-EH4U4A5P" failures="0" tests="1" name="keywordLogin.LoginTest" time="1.035" errors="0" timestamp="2023-02-22T13:01:37 IST" skipped="0">
  <testcase classname="keywordLogin.LoginTest" name="loginTest" time="1.035"/>
  <system-out/>
</testsuite> <!-- keywordLogin.LoginTest -->
